2023-12-21 17:03:39 [asyncio] DEBUG: Using selector: SelectSelector
2023-12-21 17:03:39 [scrapy.utils.log] DEBUG: Using reactor: twisted.internet.asyncioreactor.AsyncioSelectorReactor
2023-12-21 17:03:39 [scrapy.utils.log] DEBUG: Using asyncio event loop: asyncio.windows_events._WindowsSelectorEventLoop
2023-12-21 17:03:40 [scrapy.extensions.telnet] INFO: Telnet Password: 7c7cc896c75aa4bb
2023-12-21 17:03:40 [scrapy.middleware] INFO: Enabled extensions:
['scrapy.extensions.corestats.CoreStats',
 'scrapy.extensions.telnet.TelnetConsole',
 'scrapy.extensions.logstats.LogStats']
2023-12-21 17:03:41 [scrapy.middleware] INFO: Enabled downloader middlewares:
['scrapy.downloadermiddlewares.httpauth.HttpAuthMiddleware',
 'scrapy.downloadermiddlewares.downloadtimeout.DownloadTimeoutMiddleware',
 'scrapy.downloadermiddlewares.defaultheaders.DefaultHeadersMiddleware',
 'scrapy.downloadermiddlewares.useragent.UserAgentMiddleware',
 'crawlFootball.middlewares.TooManyRequestsRetryMiddleware',
 'scrapy.downloadermiddlewares.retry.RetryMiddleware',
 'scrapy.downloadermiddlewares.redirect.MetaRefreshMiddleware',
 'scrapy.downloadermiddlewares.httpcompression.HttpCompressionMiddleware',
 'scrapy.downloadermiddlewares.redirect.RedirectMiddleware',
 'scrapy.downloadermiddlewares.cookies.CookiesMiddleware',
 'scrapy.downloadermiddlewares.httpproxy.HttpProxyMiddleware',
 'scrapy.downloadermiddlewares.stats.DownloaderStats']
2023-12-21 17:03:41 [scrapy.middleware] INFO: Enabled spider middlewares:
['scrapy.spidermiddlewares.httperror.HttpErrorMiddleware',
 'scrapy.spidermiddlewares.offsite.OffsiteMiddleware',
 'scrapy.spidermiddlewares.referer.RefererMiddleware',
 'scrapy.spidermiddlewares.urllength.UrlLengthMiddleware',
 'scrapy.spidermiddlewares.depth.DepthMiddleware']
2023-12-21 17:03:41 [scrapy.middleware] INFO: Enabled item pipelines:
['crawlFootball.pipelines.MultiCSVItemPipeline']
2023-12-21 17:03:41 [scrapy.core.engine] INFO: Spider opened
2023-12-21 17:03:41 [scrapy.core.engine] INFO: Closing spider (shutdown)
2023-12-21 17:03:41 [scrapy.core.engine] ERROR: Scraper close failure
Traceback (most recent call last):
  File "C:\Users\super\AppData\Local\Programs\Python\Python311\Lib\site-packages\scrapy\crawler.py", line 136, in crawl
    yield self.engine.open_spider(self.spider, start_requests)
FileNotFoundError: [Errno 2] No such file or directory: './fbref/fbref_MatchStats.csv'

During handling of the above exception, another exception occurred:

Traceback (most recent call last):
  File "C:\Users\super\AppData\Local\Programs\Python\Python311\Lib\site-packages\twisted\internet\defer.py", line 892, in _runCallbacks
    current.result = callback(  # type: ignore[misc]
  File "D:\Uni\Nam4\TieuLuan\GitHub\TLCNK20_Thang_Dung\football_crawling\crawlFootball\pipelines.py", line 30, in close_spider
    [e.finish_exporting() for e in self.exporters.values()]
AttributeError: 'MultiCSVItemPipeline' object has no attribute 'exporters'
2023-12-21 17:03:41 [scrapy.utils.signal] ERROR: Error caught on signal handler: <bound method CoreStats.spider_closed of <scrapy.extensions.corestats.CoreStats object at 0x0000017E81E961D0>>
Traceback (most recent call last):
  File "C:\Users\super\AppData\Local\Programs\Python\Python311\Lib\site-packages\scrapy\crawler.py", line 136, in crawl
    yield self.engine.open_spider(self.spider, start_requests)
FileNotFoundError: [Errno 2] No such file or directory: './fbref/fbref_MatchStats.csv'

During handling of the above exception, another exception occurred:

Traceback (most recent call last):
  File "C:\Users\super\AppData\Local\Programs\Python\Python311\Lib\site-packages\scrapy\utils\defer.py", line 332, in maybeDeferred_coro
    result = f(*args, **kw)
  File "C:\Users\super\AppData\Local\Programs\Python\Python311\Lib\site-packages\pydispatch\robustapply.py", line 55, in robustApply
    return receiver(*arguments, **named)
  File "C:\Users\super\AppData\Local\Programs\Python\Python311\Lib\site-packages\scrapy\extensions\corestats.py", line 30, in spider_closed
    elapsed_time = finish_time - self.start_time
TypeError: unsupported operand type(s) for -: 'datetime.datetime' and 'NoneType'
2023-12-21 17:03:41 [scrapy.statscollectors] INFO: Dumping Scrapy stats:
{'log_count/DEBUG': 3, 'log_count/ERROR': 2, 'log_count/INFO': 8}
2023-12-21 17:03:41 [scrapy.core.engine] INFO: Spider closed (shutdown)
2023-12-21 17:03:41 [twisted] CRITICAL: Unhandled error in Deferred:
2023-12-21 17:03:41 [twisted] CRITICAL: 
Traceback (most recent call last):
  File "C:\Users\super\AppData\Local\Programs\Python\Python311\Lib\site-packages\twisted\internet\defer.py", line 1697, in _inlineCallbacks
    result = context.run(gen.send, result)
  File "C:\Users\super\AppData\Local\Programs\Python\Python311\Lib\site-packages\scrapy\crawler.py", line 136, in crawl
    yield self.engine.open_spider(self.spider, start_requests)
FileNotFoundError: [Errno 2] No such file or directory: './fbref/fbref_MatchStats.csv'
2023-12-21 17:04:10 [asyncio] DEBUG: Using selector: SelectSelector
2023-12-21 17:04:10 [scrapy.utils.log] DEBUG: Using reactor: twisted.internet.asyncioreactor.AsyncioSelectorReactor
2023-12-21 17:04:10 [scrapy.utils.log] DEBUG: Using asyncio event loop: asyncio.windows_events._WindowsSelectorEventLoop
2023-12-21 17:04:10 [scrapy.extensions.telnet] INFO: Telnet Password: 5c9208ffd702679a
2023-12-21 17:04:10 [scrapy.middleware] INFO: Enabled extensions:
['scrapy.extensions.corestats.CoreStats',
 'scrapy.extensions.telnet.TelnetConsole',
 'scrapy.extensions.logstats.LogStats']
2023-12-21 17:04:10 [scrapy.middleware] INFO: Enabled downloader middlewares:
['scrapy.downloadermiddlewares.httpauth.HttpAuthMiddleware',
 'scrapy.downloadermiddlewares.downloadtimeout.DownloadTimeoutMiddleware',
 'scrapy.downloadermiddlewares.defaultheaders.DefaultHeadersMiddleware',
 'scrapy.downloadermiddlewares.useragent.UserAgentMiddleware',
 'crawlFootball.middlewares.TooManyRequestsRetryMiddleware',
 'scrapy.downloadermiddlewares.retry.RetryMiddleware',
 'scrapy.downloadermiddlewares.redirect.MetaRefreshMiddleware',
 'scrapy.downloadermiddlewares.httpcompression.HttpCompressionMiddleware',
 'scrapy.downloadermiddlewares.redirect.RedirectMiddleware',
 'scrapy.downloadermiddlewares.cookies.CookiesMiddleware',
 'scrapy.downloadermiddlewares.httpproxy.HttpProxyMiddleware',
 'scrapy.downloadermiddlewares.stats.DownloaderStats']
2023-12-21 17:04:10 [scrapy.middleware] INFO: Enabled spider middlewares:
['scrapy.spidermiddlewares.httperror.HttpErrorMiddleware',
 'scrapy.spidermiddlewares.offsite.OffsiteMiddleware',
 'scrapy.spidermiddlewares.referer.RefererMiddleware',
 'scrapy.spidermiddlewares.urllength.UrlLengthMiddleware',
 'scrapy.spidermiddlewares.depth.DepthMiddleware']
2023-12-21 17:04:10 [scrapy.middleware] INFO: Enabled item pipelines:
['crawlFootball.pipelines.MultiCSVItemPipeline']
2023-12-21 17:04:10 [scrapy.core.engine] INFO: Spider opened
2023-12-21 17:04:10 [scrapy.extensions.logstats] INFO: Crawled 0 pages (at 0 pages/min), scraped 0 items (at 0 items/min)
2023-12-21 17:04:10 [scrapy.extensions.telnet] INFO: Telnet console listening on 127.0.0.1:6023
2023-12-21 17:04:11 [scrapy.core.engine] DEBUG: Crawled (403) <GET https://fbref.com/en/comps/9/> (referer: None)
2023-12-21 17:04:11 [scrapy.spidermiddlewares.httperror] INFO: Ignoring response <403 https://fbref.com/en/comps/9/>: HTTP status code is not handled or not allowed
2023-12-21 17:04:11 [scrapy.core.engine] INFO: Closing spider (finished)
2023-12-21 17:04:11 [scrapy.statscollectors] INFO: Dumping Scrapy stats:
{'downloader/request_bytes': 227,
 'downloader/request_count': 1,
 'downloader/request_method_count/GET': 1,
 'downloader/response_bytes': 5436,
 'downloader/response_count': 1,
 'downloader/response_status_count/403': 1,
 'elapsed_time_seconds': 0.355915,
 'finish_reason': 'finished',
 'finish_time': datetime.datetime(2023, 12, 21, 10, 4, 11, 244120),
 'httpcompression/response_bytes': 6276,
 'httpcompression/response_count': 1,
 'httperror/response_ignored_count': 1,
 'httperror/response_ignored_status_count/403': 1,
 'log_count/DEBUG': 4,
 'log_count/INFO': 11,
 'response_received_count': 1,
 'scheduler/dequeued': 1,
 'scheduler/dequeued/memory': 1,
 'scheduler/enqueued': 1,
 'scheduler/enqueued/memory': 1,
 'start_time': datetime.datetime(2023, 12, 21, 10, 4, 10, 888205)}
2023-12-21 17:04:11 [scrapy.core.engine] INFO: Spider closed (finished)
2023-12-21 17:04:36 [asyncio] DEBUG: Using selector: SelectSelector
2023-12-21 17:04:36 [scrapy.utils.log] DEBUG: Using reactor: twisted.internet.asyncioreactor.AsyncioSelectorReactor
2023-12-21 17:04:36 [scrapy.utils.log] DEBUG: Using asyncio event loop: asyncio.windows_events._WindowsSelectorEventLoop
2023-12-21 17:04:36 [scrapy.extensions.telnet] INFO: Telnet Password: 9aef7dff18d73e76
2023-12-21 17:04:36 [scrapy.middleware] INFO: Enabled extensions:
['scrapy.extensions.corestats.CoreStats',
 'scrapy.extensions.telnet.TelnetConsole',
 'scrapy.extensions.logstats.LogStats']
2023-12-21 17:04:37 [scrapy.middleware] INFO: Enabled downloader middlewares:
['scrapy.downloadermiddlewares.httpauth.HttpAuthMiddleware',
 'scrapy.downloadermiddlewares.downloadtimeout.DownloadTimeoutMiddleware',
 'scrapy.downloadermiddlewares.defaultheaders.DefaultHeadersMiddleware',
 'scrapy.downloadermiddlewares.useragent.UserAgentMiddleware',
 'crawlFootball.middlewares.TooManyRequestsRetryMiddleware',
 'scrapy.downloadermiddlewares.retry.RetryMiddleware',
 'scrapy.downloadermiddlewares.redirect.MetaRefreshMiddleware',
 'scrapy.downloadermiddlewares.httpcompression.HttpCompressionMiddleware',
 'scrapy.downloadermiddlewares.redirect.RedirectMiddleware',
 'scrapy.downloadermiddlewares.cookies.CookiesMiddleware',
 'scrapy.downloadermiddlewares.httpproxy.HttpProxyMiddleware',
 'scrapy.downloadermiddlewares.stats.DownloaderStats']
2023-12-21 17:04:37 [scrapy.middleware] INFO: Enabled spider middlewares:
['scrapy.spidermiddlewares.httperror.HttpErrorMiddleware',
 'scrapy.spidermiddlewares.offsite.OffsiteMiddleware',
 'scrapy.spidermiddlewares.referer.RefererMiddleware',
 'scrapy.spidermiddlewares.urllength.UrlLengthMiddleware',
 'scrapy.spidermiddlewares.depth.DepthMiddleware']
2023-12-21 17:04:37 [scrapy.middleware] INFO: Enabled item pipelines:
['crawlFootball.pipelines.MultiCSVItemPipeline']
2023-12-21 17:04:37 [scrapy.core.engine] INFO: Spider opened
2023-12-21 17:04:37 [scrapy.extensions.logstats] INFO: Crawled 0 pages (at 0 pages/min), scraped 0 items (at 0 items/min)
2023-12-21 17:04:37 [scrapy.extensions.telnet] INFO: Telnet console listening on 127.0.0.1:6023
2023-12-21 17:04:37 [scrapy.core.engine] DEBUG: Crawled (403) <GET https://fbref.com/en/comps/9/> (referer: None)
2023-12-21 17:04:37 [scrapy.spidermiddlewares.httperror] INFO: Ignoring response <403 https://fbref.com/en/comps/9/>: HTTP status code is not handled or not allowed
2023-12-21 17:04:37 [scrapy.core.engine] INFO: Closing spider (finished)
2023-12-21 17:04:37 [scrapy.statscollectors] INFO: Dumping Scrapy stats:
{'downloader/request_bytes': 227,
 'downloader/request_count': 1,
 'downloader/request_method_count/GET': 1,
 'downloader/response_bytes': 5441,
 'downloader/response_count': 1,
 'downloader/response_status_count/403': 1,
 'elapsed_time_seconds': 0.283317,
 'finish_reason': 'finished',
 'finish_time': datetime.datetime(2023, 12, 21, 10, 4, 37, 378958),
 'httpcompression/response_bytes': 6276,
 'httpcompression/response_count': 1,
 'httperror/response_ignored_count': 1,
 'httperror/response_ignored_status_count/403': 1,
 'log_count/DEBUG': 4,
 'log_count/INFO': 11,
 'response_received_count': 1,
 'scheduler/dequeued': 1,
 'scheduler/dequeued/memory': 1,
 'scheduler/enqueued': 1,
 'scheduler/enqueued/memory': 1,
 'start_time': datetime.datetime(2023, 12, 21, 10, 4, 37, 95641)}
2023-12-21 17:04:37 [scrapy.core.engine] INFO: Spider closed (finished)
2023-12-21 17:06:43 [asyncio] DEBUG: Using selector: SelectSelector
2023-12-21 17:06:43 [scrapy.utils.log] DEBUG: Using reactor: twisted.internet.asyncioreactor.AsyncioSelectorReactor
2023-12-21 17:06:43 [scrapy.utils.log] DEBUG: Using asyncio event loop: asyncio.windows_events._WindowsSelectorEventLoop
2023-12-21 17:06:43 [scrapy.extensions.telnet] INFO: Telnet Password: b0a613f92fc8e7f2
2023-12-21 17:06:43 [scrapy.middleware] INFO: Enabled extensions:
['scrapy.extensions.corestats.CoreStats',
 'scrapy.extensions.telnet.TelnetConsole',
 'scrapy.extensions.logstats.LogStats']
2023-12-21 17:06:43 [scrapy.middleware] INFO: Enabled downloader middlewares:
['scrapy.downloadermiddlewares.httpauth.HttpAuthMiddleware',
 'scrapy.downloadermiddlewares.downloadtimeout.DownloadTimeoutMiddleware',
 'scrapy.downloadermiddlewares.defaultheaders.DefaultHeadersMiddleware',
 'scrapy.downloadermiddlewares.useragent.UserAgentMiddleware',
 'crawlFootball.middlewares.TooManyRequestsRetryMiddleware',
 'scrapy.downloadermiddlewares.retry.RetryMiddleware',
 'scrapy.downloadermiddlewares.redirect.MetaRefreshMiddleware',
 'scrapy.downloadermiddlewares.httpcompression.HttpCompressionMiddleware',
 'scrapy.downloadermiddlewares.redirect.RedirectMiddleware',
 'scrapy.downloadermiddlewares.cookies.CookiesMiddleware',
 'scrapy.downloadermiddlewares.httpproxy.HttpProxyMiddleware',
 'scrapy.downloadermiddlewares.stats.DownloaderStats']
2023-12-21 17:06:43 [scrapy.middleware] INFO: Enabled spider middlewares:
['scrapy.spidermiddlewares.httperror.HttpErrorMiddleware',
 'scrapy.spidermiddlewares.offsite.OffsiteMiddleware',
 'scrapy.spidermiddlewares.referer.RefererMiddleware',
 'scrapy.spidermiddlewares.urllength.UrlLengthMiddleware',
 'scrapy.spidermiddlewares.depth.DepthMiddleware']
2023-12-21 17:06:43 [scrapy.middleware] INFO: Enabled item pipelines:
['crawlFootball.pipelines.MultiCSVItemPipeline']
2023-12-21 17:06:43 [scrapy.core.engine] INFO: Spider opened
2023-12-21 17:06:43 [scrapy.extensions.logstats] INFO: Crawled 0 pages (at 0 pages/min), scraped 0 items (at 0 items/min)
2023-12-21 17:06:43 [scrapy.extensions.telnet] INFO: Telnet console listening on 127.0.0.1:6023
2023-12-21 17:06:43 [scrapy.core.engine] DEBUG: Crawled (403) <GET https://fbref.com/en/comps/9/> (referer: None)
2023-12-21 17:06:43 [scrapy.spidermiddlewares.httperror] INFO: Ignoring response <403 https://fbref.com/en/comps/9/>: HTTP status code is not handled or not allowed
2023-12-21 17:06:43 [scrapy.core.engine] INFO: Closing spider (finished)
2023-12-21 17:06:43 [scrapy.statscollectors] INFO: Dumping Scrapy stats:
{'downloader/request_bytes': 227,
 'downloader/request_count': 1,
 'downloader/request_method_count/GET': 1,
 'downloader/response_bytes': 5455,
 'downloader/response_count': 1,
 'downloader/response_status_count/403': 1,
 'elapsed_time_seconds': 0.258949,
 'finish_reason': 'finished',
 'finish_time': datetime.datetime(2023, 12, 21, 10, 6, 43, 708454),
 'httpcompression/response_bytes': 6298,
 'httpcompression/response_count': 1,
 'httperror/response_ignored_count': 1,
 'httperror/response_ignored_status_count/403': 1,
 'log_count/DEBUG': 4,
 'log_count/INFO': 11,
 'response_received_count': 1,
 'scheduler/dequeued': 1,
 'scheduler/dequeued/memory': 1,
 'scheduler/enqueued': 1,
 'scheduler/enqueued/memory': 1,
 'start_time': datetime.datetime(2023, 12, 21, 10, 6, 43, 449505)}
2023-12-21 17:06:43 [scrapy.core.engine] INFO: Spider closed (finished)
2023-12-21 17:07:39 [asyncio] DEBUG: Using selector: SelectSelector
2023-12-21 17:07:39 [scrapy.utils.log] DEBUG: Using reactor: twisted.internet.asyncioreactor.AsyncioSelectorReactor
2023-12-21 17:07:39 [scrapy.utils.log] DEBUG: Using asyncio event loop: asyncio.windows_events._WindowsSelectorEventLoop
2023-12-21 17:07:39 [scrapy.extensions.telnet] INFO: Telnet Password: d5cb888fcf248c23
2023-12-21 17:07:39 [scrapy.middleware] INFO: Enabled extensions:
['scrapy.extensions.corestats.CoreStats',
 'scrapy.extensions.telnet.TelnetConsole',
 'scrapy.extensions.logstats.LogStats']
2023-12-21 17:07:40 [scrapy.middleware] INFO: Enabled downloader middlewares:
['scrapy.downloadermiddlewares.httpauth.HttpAuthMiddleware',
 'scrapy.downloadermiddlewares.downloadtimeout.DownloadTimeoutMiddleware',
 'scrapy.downloadermiddlewares.defaultheaders.DefaultHeadersMiddleware',
 'scrapy.downloadermiddlewares.useragent.UserAgentMiddleware',
 'crawlFootball.middlewares.TooManyRequestsRetryMiddleware',
 'scrapy.downloadermiddlewares.retry.RetryMiddleware',
 'scrapy.downloadermiddlewares.redirect.MetaRefreshMiddleware',
 'scrapy.downloadermiddlewares.httpcompression.HttpCompressionMiddleware',
 'scrapy.downloadermiddlewares.redirect.RedirectMiddleware',
 'scrapy.downloadermiddlewares.cookies.CookiesMiddleware',
 'scrapy.downloadermiddlewares.httpproxy.HttpProxyMiddleware',
 'scrapy.downloadermiddlewares.stats.DownloaderStats']
2023-12-21 17:07:40 [scrapy.middleware] INFO: Enabled spider middlewares:
['scrapy.spidermiddlewares.httperror.HttpErrorMiddleware',
 'scrapy.spidermiddlewares.offsite.OffsiteMiddleware',
 'scrapy.spidermiddlewares.referer.RefererMiddleware',
 'scrapy.spidermiddlewares.urllength.UrlLengthMiddleware',
 'scrapy.spidermiddlewares.depth.DepthMiddleware']
2023-12-21 17:07:40 [scrapy.middleware] INFO: Enabled item pipelines:
['crawlFootball.pipelines.MultiCSVItemPipeline']
2023-12-21 17:07:40 [scrapy.core.engine] INFO: Spider opened
2023-12-21 17:07:40 [scrapy.extensions.logstats] INFO: Crawled 0 pages (at 0 pages/min), scraped 0 items (at 0 items/min)
2023-12-21 17:07:40 [scrapy.extensions.telnet] INFO: Telnet console listening on 127.0.0.1:6023
2023-12-21 17:07:40 [scrapy.core.engine] DEBUG: Crawled (403) <GET https://fbref.com/en/comps/9/> (referer: None)
2023-12-21 17:07:40 [scrapy.spidermiddlewares.httperror] INFO: Ignoring response <403 https://fbref.com/en/comps/9/>: HTTP status code is not handled or not allowed
2023-12-21 17:07:40 [scrapy.core.engine] INFO: Closing spider (finished)
2023-12-21 17:07:40 [scrapy.statscollectors] INFO: Dumping Scrapy stats:
{'downloader/request_bytes': 227,
 'downloader/request_count': 1,
 'downloader/request_method_count/GET': 1,
 'downloader/response_bytes': 5422,
 'downloader/response_count': 1,
 'downloader/response_status_count/403': 1,
 'elapsed_time_seconds': 0.665009,
 'finish_reason': 'finished',
 'finish_time': datetime.datetime(2023, 12, 21, 10, 7, 40, 806373),
 'httpcompression/response_bytes': 6256,
 'httpcompression/response_count': 1,
 'httperror/response_ignored_count': 1,
 'httperror/response_ignored_status_count/403': 1,
 'log_count/DEBUG': 4,
 'log_count/INFO': 11,
 'response_received_count': 1,
 'scheduler/dequeued': 1,
 'scheduler/dequeued/memory': 1,
 'scheduler/enqueued': 1,
 'scheduler/enqueued/memory': 1,
 'start_time': datetime.datetime(2023, 12, 21, 10, 7, 40, 141364)}
2023-12-21 17:07:40 [scrapy.core.engine] INFO: Spider closed (finished)
2023-12-21 17:08:07 [asyncio] DEBUG: Using selector: SelectSelector
2023-12-21 17:08:07 [scrapy.utils.log] DEBUG: Using reactor: twisted.internet.asyncioreactor.AsyncioSelectorReactor
2023-12-21 17:08:07 [scrapy.utils.log] DEBUG: Using asyncio event loop: asyncio.windows_events._WindowsSelectorEventLoop
2023-12-21 17:08:07 [scrapy.extensions.telnet] INFO: Telnet Password: 5250a4fa92be41d6
2023-12-21 17:08:07 [scrapy.middleware] INFO: Enabled extensions:
['scrapy.extensions.corestats.CoreStats',
 'scrapy.extensions.telnet.TelnetConsole',
 'scrapy.extensions.logstats.LogStats']
2023-12-21 17:08:07 [scrapy.middleware] INFO: Enabled downloader middlewares:
['scrapy.downloadermiddlewares.httpauth.HttpAuthMiddleware',
 'scrapy.downloadermiddlewares.downloadtimeout.DownloadTimeoutMiddleware',
 'scrapy.downloadermiddlewares.defaultheaders.DefaultHeadersMiddleware',
 'scrapy.downloadermiddlewares.useragent.UserAgentMiddleware',
 'crawlFootball.middlewares.TooManyRequestsRetryMiddleware',
 'scrapy.downloadermiddlewares.retry.RetryMiddleware',
 'scrapy.downloadermiddlewares.redirect.MetaRefreshMiddleware',
 'scrapy.downloadermiddlewares.httpcompression.HttpCompressionMiddleware',
 'scrapy.downloadermiddlewares.redirect.RedirectMiddleware',
 'scrapy.downloadermiddlewares.cookies.CookiesMiddleware',
 'scrapy.downloadermiddlewares.httpproxy.HttpProxyMiddleware',
 'scrapy.downloadermiddlewares.stats.DownloaderStats']
2023-12-21 17:08:07 [scrapy.middleware] INFO: Enabled spider middlewares:
['scrapy.spidermiddlewares.httperror.HttpErrorMiddleware',
 'scrapy.spidermiddlewares.offsite.OffsiteMiddleware',
 'scrapy.spidermiddlewares.referer.RefererMiddleware',
 'scrapy.spidermiddlewares.urllength.UrlLengthMiddleware',
 'scrapy.spidermiddlewares.depth.DepthMiddleware']
2023-12-21 17:08:07 [scrapy.middleware] INFO: Enabled item pipelines:
['crawlFootball.pipelines.MultiCSVItemPipeline']
2023-12-21 17:08:07 [scrapy.core.engine] INFO: Spider opened
2023-12-21 17:08:07 [scrapy.extensions.logstats] INFO: Crawled 0 pages (at 0 pages/min), scraped 0 items (at 0 items/min)
2023-12-21 17:08:07 [scrapy.extensions.telnet] INFO: Telnet console listening on 127.0.0.1:6023
2023-12-21 17:08:07 [scrapy.core.engine] DEBUG: Crawled (403) <GET https://fbref.com/en/comps/9/> (referer: None)
2023-12-21 17:08:08 [scrapy.spidermiddlewares.httperror] INFO: Ignoring response <403 https://fbref.com/en/comps/9/>: HTTP status code is not handled or not allowed
2023-12-21 17:08:08 [scrapy.core.engine] INFO: Closing spider (finished)
2023-12-21 17:08:08 [scrapy.statscollectors] INFO: Dumping Scrapy stats:
{'downloader/request_bytes': 227,
 'downloader/request_count': 1,
 'downloader/request_method_count/GET': 1,
 'downloader/response_bytes': 5407,
 'downloader/response_count': 1,
 'downloader/response_status_count/403': 1,
 'elapsed_time_seconds': 0.540636,
 'finish_reason': 'finished',
 'finish_time': datetime.datetime(2023, 12, 21, 10, 8, 8, 71870),
 'httpcompression/response_bytes': 6235,
 'httpcompression/response_count': 1,
 'httperror/response_ignored_count': 1,
 'httperror/response_ignored_status_count/403': 1,
 'log_count/DEBUG': 4,
 'log_count/INFO': 11,
 'response_received_count': 1,
 'scheduler/dequeued': 1,
 'scheduler/dequeued/memory': 1,
 'scheduler/enqueued': 1,
 'scheduler/enqueued/memory': 1,
 'start_time': datetime.datetime(2023, 12, 21, 10, 8, 7, 531234)}
2023-12-21 17:08:08 [scrapy.core.engine] INFO: Spider closed (finished)
